<?xml version="1.0" encoding="UTF-8"?>
<testng-results ignored="0" total="1" passed="1" failed="0" skipped="0">
  <reporter-output>
  </reporter-output>
  <suite started-at="2023-01-20T16:59:28 IST" name="Suite" finished-at="2023-01-20T16:59:53 IST" duration-ms="24898">
    <groups>
    </groups>
    <test started-at="2023-01-20T16:59:28 IST" name="Test" finished-at="2023-01-20T16:59:53 IST" duration-ms="24898">
      <class name="TestCases.TC_LoginTest_001">
        <test-method is-config="true" signature="setup(java.lang.String)[pri:0, instance:TestCases.TC_LoginTest_001@5443d039]" started-at="2023-01-20T16:59:28 IST" name="setup" finished-at="2023-01-20T16:59:49 IST" duration-ms="21315" status="PASS">
          <params>
            <param index="0">
              <value>
                <![CDATA[chrome]]>
              </value>
            </param>
          </params>
          <reporter-output>
          </reporter-output>
        </test-method> <!-- setup -->
        <test-method signature="loginTest()[pri:0, instance:TestCases.TC_LoginTest_001@5443d039]" started-at="2023-01-20T16:59:49 IST" name="loginTest" finished-at="2023-01-20T16:59:52 IST" duration-ms="2952" status="PASS">
          <reporter-output>
          </reporter-output>
        </test-method> <!-- loginTest -->
        <test-method is-config="true" signature="tearDown()[pri:0, instance:TestCases.TC_LoginTest_001@5443d039]" started-at="2023-01-20T16:59:52 IST" name="tearDown" finished-at="2023-01-20T16:59:53 IST" duration-ms="521" status="PASS">
          <reporter-output>
          </reporter-output>
        </test-method> <!-- tearDown -->
      </class> <!-- TestCases.TC_LoginTest_001 -->
    </test> <!-- Test -->
  </suite> <!-- Suite -->
</testng-results>
